0 verbose cli /Users/tinanpha/.nvm/versions/node/v24.11.0/bin/node /Users/tinanpha/.nvm/versions/node/v24.11.0/bin/npm
1 info using npm@11.6.1
2 info using node@v24.11.0
3 silly config load:file:/Users/tinanpha/.nvm/versions/node/v24.11.0/lib/node_modules/npm/npmrc
4 info config found workspace root at /Users/tinanpha/Desktop/esc_app
5 silly config load:file:/Users/tinanpha/Desktop/esc_app/.npmrc
6 silly config load:file:/Users/tinanpha/.npmrc
7 silly config load:file:/Users/tinanpha/.nvm/versions/node/v24.11.0/etc/npmrc
8 verbose title npm run compile
9 verbose argv "run" "compile"
10 verbose logfile logs-max:10 dir:/Users/tinanpha/Desktop/esc_app/.npm-cache/_logs/2025-10-31T13_35_40_870Z-
11 verbose logfile /Users/tinanpha/Desktop/esc_app/.npm-cache/_logs/2025-10-31T13_35_40_870Z-debug-0.log
12 silly logfile start cleaning logs, removing 1 files
13 silly logfile done cleaning log files
14 verbose cwd /Users/tinanpha/Desktop/esc_app/contracts
15 verbose os Darwin 25.0.0
16 verbose node v24.11.0
17 verbose npm  v11.6.1
18 verbose exit 0
19 info ok
