0 verbose cli /Users/tinanpha/.nvm/versions/node/v24.11.0/bin/node /Users/tinanpha/.nvm/versions/node/v24.11.0/bin/npm
1 info using npm@11.6.1
2 info using node@v24.11.0
3 silly config load:file:/Users/tinanpha/.nvm/versions/node/v24.11.0/lib/node_modules/npm/npmrc
4 info config found workspace root at /Users/tinanpha/Desktop/esc_app
5 silly config load:file:/Users/tinanpha/Desktop/esc_app/.npmrc
6 silly config load:file:/Users/tinanpha/.npmrc
7 silly config load:file:/Users/tinanpha/.nvm/versions/node/v24.11.0/etc/npmrc
8 verbose title npm run compile
9 verbose argv "run" "compile"
10 verbose logfile logs-max:10 dir:/Users/tinanpha/Desktop/esc_app/.npm-cache/_logs/2025-10-31T13_20_48_053Z-
11 verbose logfile /Users/tinanpha/Desktop/esc_app/.npm-cache/_logs/2025-10-31T13_20_48_053Z-debug-0.log
12 silly logfile done cleaning log files
13 verbose stack Error: command failed
13 verbose stack     at promiseSpawn (/Users/tinanpha/.nvm/versions/node/v24.11.0/lib/node_modules/npm/node_modules/@npmcli/promise-spawn/lib/index.js:22:22)
13 verbose stack     at spawnWithShell (/Users/tinanpha/.nvm/versions/node/v24.11.0/lib/node_modules/npm/node_modules/@npmcli/promise-spawn/lib/index.js:124:10)
13 verbose stack     at promiseSpawn (/Users/tinanpha/.nvm/versions/node/v24.11.0/lib/node_modules/npm/node_modules/@npmcli/promise-spawn/lib/index.js:12:12)
13 verbose stack     at runScriptPkg (/Users/tinanpha/.nvm/versions/node/v24.11.0/lib/node_modules/npm/node_modules/@npmcli/run-script/lib/run-script-pkg.js:79:13)
13 verbose stack     at runScript (/Users/tinanpha/.nvm/versions/node/v24.11.0/lib/node_modules/npm/node_modules/@npmcli/run-script/lib/run-script.js:9:12)
13 verbose stack     at #run (/Users/tinanpha/.nvm/versions/node/v24.11.0/lib/node_modules/npm/lib/commands/run.js:135:13)
13 verbose stack     at RunScript.execWorkspaces (/Users/tinanpha/.nvm/versions/node/v24.11.0/lib/node_modules/npm/lib/commands/run.js:67:24)
13 verbose stack     at async Npm.exec (/Users/tinanpha/.nvm/versions/node/v24.11.0/lib/node_modules/npm/lib/npm.js:208:9)
13 verbose stack     at async module.exports (/Users/tinanpha/.nvm/versions/node/v24.11.0/lib/node_modules/npm/lib/cli/entry.js:67:5)
14 verbose pkgid esc_app-contracts@1.0.0
15 error Lifecycle script `compile` failed with error:
16 error code 1
17 error path /Users/tinanpha/Desktop/esc_app/contracts
18 error workspace esc_app-contracts@1.0.0
19 error location /Users/tinanpha/Desktop/esc_app/contracts
20 error command failed
21 error command sh -c hardhat compile
22 verbose cwd /Users/tinanpha/Desktop/esc_app/contracts
23 verbose os Darwin 25.0.0
24 verbose node v24.11.0
25 verbose npm  v11.6.1
26 verbose exit 1
27 verbose code 1
